<?xml version="1.0" encoding="UTF-8"?>
<!-- Generated by org.testng.reporters.JUnitXMLReporter -->
<testsuite hostname="DESKTOP-J7MD36G" ignored="1" name="Test" tests="5" failures="0" timestamp="2020-08-17T19:06:31 IST" time="0.033" errors="0">
  <testcase name="Test3" time="0.004" classname="TestCases.AppiumTest"/>
  <testcase name="Test4" time="0.0" classname="TestCases.AppiumTest"/>
  <testcase name="Test6" time="0.001" classname="TestCases.RESTAPITest"/>
  <testcase name="test5" time="0.0" classname="TestCases.RESTAPITest"/>
  <testcase name="Test1" time="0.0" classname="TestCases.SeliniumTest"/>
  <testcase name="Test2" time="0.0" classname="TestCases.SeliniumTest">
    <ignored/>
  </testcase> <!-- Test2 -->
</testsuite> <!-- Test -->
