<?xml version="1.0" encoding="UTF-8"?>
<testng-results skipped="0" failed="0" ignored="0" total="2" passed="2">
  <reporter-output>
  </reporter-output>
  <suite name="Default suite" duration-ms="20459" started-at="2020-08-18T23:33:29 IST" finished-at="2020-08-18T23:33:49 IST">
    <groups>
    </groups>
    <test name="Default test" duration-ms="20459" started-at="2020-08-18T23:33:29 IST" finished-at="2020-08-18T23:33:49 IST">
      <class name="TestCases.SeliniumTest">
        <test-method status="PASS" signature="extentReportConfig()[pri:0, instance:TestCases.SeliniumTest@1f554b06]" name="extentReportConfig" is-config="true" duration-ms="203" started-at="2020-08-18T23:33:29 IST" finished-at="2020-08-18T23:33:29 IST">
          <reporter-output>
          </reporter-output>
        </test-method> <!-- extentReportConfig -->
        <test-method status="PASS" signature="Test1()[pri:0, instance:TestCases.SeliniumTest@1f554b06]" name="Test1" duration-ms="20222" started-at="2020-08-18T23:33:29 IST" finished-at="2020-08-18T23:33:49 IST">
          <reporter-output>
          </reporter-output>
        </test-method> <!-- Test1 -->
        <test-method status="PASS" signature="Test2()[pri:0, instance:TestCases.SeliniumTest@1f554b06]" name="Test2" duration-ms="2" started-at="2020-08-18T23:33:49 IST" finished-at="2020-08-18T23:33:49 IST">
          <reporter-output>
          </reporter-output>
        </test-method> <!-- Test2 -->
      </class> <!-- TestCases.SeliniumTest -->
    </test> <!-- Default test -->
  </suite> <!-- Default suite -->
</testng-results>
