<?xml version="1.0" encoding="UTF-8"?>
<testng-results skipped="0" failed="0" ignored="1" total="6" passed="5">
  <reporter-output>
  </reporter-output>
  <suite name="Suite" duration-ms="33" started-at="2020-08-17T19:06:31 IST" finished-at="2020-08-17T19:06:31 IST">
    <groups>
    </groups>
    <test name="Test" duration-ms="33" started-at="2020-08-17T19:06:31 IST" finished-at="2020-08-17T19:06:31 IST">
      <class name="TestCases.SeliniumTest">
        <test-method status="PASS" signature="Test1()[pri:0, instance:TestCases.SeliniumTest@3159c4b8]" name="Test1" duration-ms="0" started-at="2020-08-17T19:06:31 IST" finished-at="2020-08-17T19:06:31 IST">
          <reporter-output>
          </reporter-output>
        </test-method> <!-- Test1 -->
      </class> <!-- TestCases.SeliniumTest -->
      <class name="TestCases.AppiumTest">
        <test-method status="PASS" signature="Test3()[pri:0, instance:TestCases.AppiumTest@69ea3742]" name="Test3" duration-ms="4" started-at="2020-08-17T19:06:31 IST" finished-at="2020-08-17T19:06:31 IST">
          <reporter-output>
          </reporter-output>
        </test-method> <!-- Test3 -->
        <test-method status="PASS" signature="Test4()[pri:0, instance:TestCases.AppiumTest@69ea3742]" name="Test4" duration-ms="0" started-at="2020-08-17T19:06:31 IST" finished-at="2020-08-17T19:06:31 IST">
          <reporter-output>
          </reporter-output>
        </test-method> <!-- Test4 -->
      </class> <!-- TestCases.AppiumTest -->
      <class name="TestCases.RESTAPITest">
        <test-method status="PASS" signature="Test6()[pri:0, instance:TestCases.RESTAPITest@4b952a2d]" name="Test6" duration-ms="1" started-at="2020-08-17T19:06:31 IST" finished-at="2020-08-17T19:06:31 IST">
          <reporter-output>
          </reporter-output>
        </test-method> <!-- Test6 -->
        <test-method status="PASS" signature="test5()[pri:0, instance:TestCases.RESTAPITest@4b952a2d]" name="test5" duration-ms="0" started-at="2020-08-17T19:06:31 IST" finished-at="2020-08-17T19:06:31 IST">
          <reporter-output>
          </reporter-output>
        </test-method> <!-- test5 -->
      </class> <!-- TestCases.RESTAPITest -->
    </test> <!-- Test -->
  </suite> <!-- Suite -->
</testng-results>
